<?xml version="1.0" encoding="UTF-8"?>
<testsuite name="com.caddycode.runner.TestRunner" time="0.012" tests="11" errors="0" skipped="0" failures="0">
  <properties>
[...]
</properties>
  <testcase name="Given Open Firefox and start Application" classname="Scenario: Test Login gmail with valid Credentials" time="0.004"/>
  <testcase name="When I enter Valid User Name and password" classname="Scenario: Test Login gmail with valid Credentials" time="0"/>
  <testcase name="Then User should be able to login sucessfully" classname="Scenario: Test Login gmail with valid Credentials" time="0"/>
  <testcase name="Scenario: Test Login gmail with valid Credentials" classname="Scenario: Test Login gmail with valid Credentials" time="0.005"/>
  <testcase name="Given User navigates to the Landing Page" classname="Scenario: SignupLanding Page for the new user" time="0.001"/>
  <testcase name="When User perfrom SignUp operation" classname="Scenario: SignupLanding Page for the new user" time="0"/>
  <testcase name="Then User navigates the landing signup page" classname="Scenario: SignupLanding Page for the new user" time="0.001"/>
  <testcase name="When User insert the signup information" classname="Scenario: SignupLanding Page for the new user" time="0"/>
  <testcase name="And User perform GetstartedNow operation" classname="Scenario: SignupLanding Page for the new user" time="0"/>
  <testcase name="Then User verify welcome to 6Strorage page" classname="Scenario: SignupLanding Page for the new user" time="0"/>
  <testcase name="Scenario: SignupLanding Page for the new user" classname="Scenario: SignupLanding Page for the new user" time="0.001"/>
</testsuite>